<?xml version="1.0" encoding="UTF-8"?>
<coverage generated="1687466120527" clover="3.2.0">
  <project timestamp="1687466120528" name="All files">
    <metrics statements="21" coveredstatements="18" conditionals="10" coveredconditionals="7" methods="7" coveredmethods="7" elements="38" coveredelements="32" complexity="0" loc="21" ncloc="21" packages="1" files="4" classes="4"/>
    <file name="calculator.js" path="/Users/mac/Desktop/Testing-practice/calculator.js">
      <metrics statements="7" coveredstatements="7" conditionals="2" coveredconditionals="2" methods="4" coveredmethods="4"/>
      <line num="3" count="3" type="stmt"/>
      <line num="7" count="3" type="stmt"/>
      <line num="11" count="3" type="cond" truecount="2" falsecount="0"/>
      <line num="12" count="1" type="stmt"/>
      <line num="14" count="2" type="stmt"/>
      <line num="18" count="3" type="stmt"/>
      <line num="21" count="1" type="stmt"/>
    </file>
    <file name="capitalize.js" path="/Users/mac/Desktop/Testing-practice/capitalize.js">
      <metrics statements="6" coveredstatements="4" conditionals="4" coveredconditionals="2" methods="1" coveredmethods="1"/>
      <line num="2" count="4" type="cond" truecount="1" falsecount="1"/>
      <line num="3" count="0" type="stmt"/>
      <line num="6" count="4" type="cond" truecount="1" falsecount="1"/>
      <line num="7" count="0" type="stmt"/>
      <line num="10" count="4" type="stmt"/>
      <line num="13" count="1" type="stmt"/>
    </file>
    <file name="reverseString.js" path="/Users/mac/Desktop/Testing-practice/reverseString.js">
      <metrics statements="2" coveredstatements="2" conditionals="0" coveredconditionals="0" methods="1" coveredmethods="1"/>
      <line num="2" count="2" type="stmt"/>
      <line num="4" count="1" type="stmt"/>
    </file>
    <file name="stringLength.js" path="/Users/mac/Desktop/Testing-practice/stringLength.js">
      <metrics statements="6" coveredstatements="5" conditionals="4" coveredconditionals="3" methods="1" coveredmethods="1"/>
      <line num="2" count="3" type="cond" truecount="2" falsecount="0"/>
      <line num="3" count="1" type="stmt"/>
      <line num="6" count="2" type="cond" truecount="1" falsecount="1"/>
      <line num="7" count="2" type="stmt"/>
      <line num="10" count="0" type="stmt"/>
      <line num="12" count="1" type="stmt"/>
    </file>
  </project>
</coverage>
