TN:
SF:calculator.js
FN:2,(anonymous_0)
FN:6,(anonymous_1)
FN:10,(anonymous_2)
FN:17,(anonymous_3)
FNF:4
FNH:4
FNDA:3,(anonymous_0)
FNDA:3,(anonymous_1)
FNDA:3,(anonymous_2)
FNDA:3,(anonymous_3)
DA:3,3
DA:7,3
DA:11,3
DA:12,1
DA:14,2
DA:18,3
DA:21,1
LF:7
LH:7
BRDA:11,0,0,1
BRDA:11,0,1,2
BRF:2
BRH:2
end_of_record
TN:
SF:capitalize.js
FN:1,capitalize
FNF:1
FNH:1
FNDA:4,capitalize
DA:2,4
DA:3,0
DA:6,4
DA:7,0
DA:10,4
DA:13,1
LF:6
LH:4
BRDA:2,0,0,0
BRDA:2,0,1,4
BRDA:6,1,0,0
BRDA:6,1,1,4
BRF:4
BRH:2
end_of_record
TN:
SF:reverseString.js
FN:1,reverseString
FNF:1
FNH:1
FNDA:2,reverseString
DA:2,2
DA:4,1
LF:2
LH:2
BRF:0
BRH:0
end_of_record
TN:
SF:stringLength.js
FN:1,stringLength
FNF:1
FNH:1
FNDA:3,stringLength
DA:2,3
DA:3,1
DA:6,2
DA:7,2
DA:10,0
DA:12,1
LF:6
LH:5
BRDA:2,0,0,1
BRDA:2,0,1,2
BRDA:6,1,0,2
BRDA:6,1,1,0
BRF:4
BRH:3
end_of_record
